1592344963833	mozrunner::runner	INFO	Running command: "C:\\Program Files\\Mozilla Firefox\\firefox.exe" "-marionette" "-foreground" "-no-remote" "-profile" "C:\\Users\\KAREM&~1\\AppData\\Local\\Temp\\rust_mozprofilemcJFAx"
JavaScript error: resource://gre/modules/XULStore.jsm, line 66: Error: Can't find profile directory.
1592344974343	Marionette	INFO	Listening on port 50913
1592344974353	Marionette	WARN	TLS certificate errors will be ignored for this session
1592344994906	Marionette	INFO	Stopped listening on port 50913

###!!! [Child][RunMessage] Error: Channel closing: too late to send/recv, messages will be lost


###!!! [Child][MessageChannel::SendAndWait] Error: Channel error: cannot send/recv

1592345038710	mozrunner::runner	INFO	Running command: "C:\\Program Files\\Mozilla Firefox\\firefox.exe" "-marionette" "-foreground" "-no-remote" "-profile" "C:\\Users\\KAREM&~1\\AppData\\Local\\Temp\\rust_mozprofile8trds7"
JavaScript error: resource://gre/modules/XULStore.jsm, line 66: Error: Can't find profile directory.
1592345042793	Marionette	INFO	Listening on port 50990
1592345042831	Marionette	WARN	TLS certificate errors will be ignored for this session
1592345058292	Marionette	INFO	Stopped listening on port 50990

###!!! [Child][RunMessage] Error: Channel closing: too late to send/recv, messages will be lost

1592345117441	mozrunner::runner	INFO	Running command: "C:\\Program Files\\Mozilla Firefox\\firefox.exe" "-marionette" "-foreground" "-no-remote" "-profile" "C:\\Users\\KAREM&~1\\AppData\\Local\\Temp\\rust_mozprofile2lHSvR"
JavaScript error: resource://gre/modules/XULStore.jsm, line 66: Error: Can't find profile directory.
1592345121249	Marionette	INFO	Listening on port 51114
1592345121553	Marionette	WARN	TLS certificate errors will be ignored for this session
1592345156504	Marionette	INFO	Stopped listening on port 51114

###!!! [Child][RunMessage] Error: Channel closing: too late to send/recv, messages will be lost

1592345197700	mozrunner::runner	INFO	Running command: "C:\\Program Files\\Mozilla Firefox\\firefox.exe" "-marionette" "-foreground" "-no-remote" "-profile" "C:\\Users\\KAREM&~1\\AppData\\Local\\Temp\\rust_mozprofilex7CoKa"
JavaScript error: resource://gre/modules/XULStore.jsm, line 66: Error: Can't find profile directory.
1592345201761	Marionette	INFO	Listening on port 51186
1592345201811	Marionette	WARN	TLS certificate errors will be ignored for this session
1592345232564	Marionette	INFO	Stopped listening on port 51186

###!!! [Child][RunMessage] Error: Channel closing: too late to send/recv, messages will be lost

1592352760548	mozrunner::runner	INFO	Running command: "C:\\Program Files\\Mozilla Firefox\\firefox.exe" "-marionette" "-foreground" "-no-remote" "-profile" "C:\\Users\\KAREM&~1\\AppData\\Local\\Temp\\rust_mozprofilesJVJn7"
JavaScript error: resource://gre/modules/XULStore.jsm, line 66: Error: Can't find profile directory.
1592352764381	Marionette	INFO	Listening on port 53257
1592352764668	Marionette	WARN	TLS certificate errors will be ignored for this session
console.error: "Store does not have a valid reducer. Make sure the argument passed to combineReducers is an object whose values are reducers."
JavaScript error: resource://gre/actors/AutoCompleteChild.jsm, line 196: Error: Invalid autocomplete selectedIndex
JavaScript error: resource://gre/actors/AutoCompleteChild.jsm, line 196: Error: Invalid autocomplete selectedIndex
JavaScript error: resource://gre/actors/AutoCompleteChild.jsm, line 196: Error: Invalid autocomplete selectedIndex
JavaScript error: resource://gre/actors/AutoCompleteChild.jsm, line 196: Error: Invalid autocomplete selectedIndex
JavaScript error: resource://gre/actors/AutoCompleteChild.jsm, line 196: Error: Invalid autocomplete selectedIndex
JavaScript error: resource://gre/actors/AutoCompleteChild.jsm, line 196: Error: Invalid autocomplete selectedIndex
JavaScript error: resource://gre/actors/AutoCompleteChild.jsm, line 196: Error: Invalid autocomplete selectedIndex
JavaScript error: resource://gre/actors/AutoCompleteChild.jsm, line 196: Error: Invalid autocomplete selectedIndex
JavaScript error: resource://gre/actors/AutoCompleteChild.jsm, line 196: Error: Invalid autocomplete selectedIndex
JavaScript error: resource://gre/actors/AutoCompleteChild.jsm, line 196: Error: Invalid autocomplete selectedIndex
JavaScript error: resource://gre/actors/AutoCompleteChild.jsm, line 196: Error: Invalid autocomplete selectedIndex
JavaScript error: resource://gre/actors/AutoCompleteChild.jsm, line 196: Error: Invalid autocomplete selectedIndex
JavaScript error: resource://gre/actors/AutoCompleteChild.jsm, line 196: Error: Invalid autocomplete selectedIndex
JavaScript error: resource://gre/actors/AutoCompleteChild.jsm, line 196: Error: Invalid autocomplete selectedIndex
JavaScript error: resource://gre/actors/AutoCompleteChild.jsm, line 196: Error: Invalid autocomplete selectedIndex
JavaScript error: resource://gre/actors/AutoCompleteChild.jsm, line 196: Error: Invalid autocomplete selectedIndex
JavaScript error: resource://gre/actors/AutoCompleteChild.jsm, line 196: Error: Invalid autocomplete selectedIndex
JavaScript error: resource://gre/actors/AutoCompleteChild.jsm, line 196: Error: Invalid autocomplete selectedIndex
JavaScript error: resource://gre/actors/AutoCompleteChild.jsm, line 196: Error: Invalid autocomplete selectedIndex
JavaScript error: resource://gre/actors/AutoCompleteChild.jsm, line 196: Error: Invalid autocomplete selectedIndex
JavaScript error: resource://gre/actors/AutoCompleteChild.jsm, line 196: Error: Invalid autocomplete selectedIndex
JavaScript error: resource://gre/actors/AutoCompleteChild.jsm, line 196: Error: Invalid autocomplete selectedIndex
JavaScript error: resource://gre/actors/AutoCompleteChild.jsm, line 196: Error: Invalid autocomplete selectedIndex
JavaScript error: resource://gre/actors/AutoCompleteChild.jsm, line 196: Error: Invalid autocomplete selectedIndex
JavaScript error: resource://gre/actors/AutoCompleteChild.jsm, line 196: Error: Invalid autocomplete selectedIndex
JavaScript error: resource://gre/actors/AutoCompleteChild.jsm, line 196: Error: Invalid autocomplete selectedIndex
JavaScript error: resource://gre/actors/AutoCompleteChild.jsm, line 196: Error: Invalid autocomplete selectedIndex
JavaScript error: resource://gre/actors/AutoCompleteChild.jsm, line 196: Error: Invalid autocomplete selectedIndex
JavaScript error: resource://gre/actors/AutoCompleteChild.jsm, line 196: Error: Invalid autocomplete selectedIndex
JavaScript error: resource://gre/actors/AutoCompleteChild.jsm, line 196: Error: Invalid autocomplete selectedIndex
JavaScript error: , line 0: NS_ERROR_NOT_AVAILABLE
1592356112155	Marionette	INFO	Stopped listening on port 53257

###!!! [Child][RunMessage] Error: Channel closing: too late to send/recv, messages will be lost

1592410811743	mozrunner::runner	INFO	Running command: "C:\\Program Files\\Mozilla Firefox\\firefox.exe" "-marionette" "-foreground" "-no-remote" "-profile" "C:\\Users\\KAREM&~1\\AppData\\Local\\Temp\\rust_mozprofileCgXdmx"
JavaScript error: resource://gre/modules/XULStore.jsm, line 66: Error: Can't find profile directory.
console.error: "Could not write session state file " (new Error("_initWorker called too early! Please read the session file from disk first.", "resource:///modules/sessionstore/SessionFile.jsm", 375)) "_initWorker/<@resource:///modules/sessionstore/SessionFile.jsm:375:15\n_initWorker@resource:///modules/sessionstore/SessionFile.jsm:368:12\n_postToWorker@resource:///modules/sessionstore/SessionFile.jsm:410:16\nwrite@resource:///modules/sessionstore/SessionFile.jsm:448:24\nwrite@resource:///modules/sessionstore/SessionFile.jsm:75:32\n_writeState@resource:///modules/sessionstore/SessionSaver.jsm:360:24\n_saveState@resource:///modules/sessionstore/SessionSaver.jsm:294:17\n_saveStateAsync@resource:///modules/sessionstore/SessionSaver.jsm:344:10\nsaveStateAsyncWhenIdle@resource:///modules/sessionstore/SessionSaver.jsm:191:14\ncallback@resource://gre/modules/Timer.jsm:127:16\n"
1592410895520	Marionette	INFO	Listening on port 57530
1592410959627	Marionette	INFO	Stopped listening on port 57530
ce:///modules/sessionstore/SessionSaver.jsm:191:14\ncallback@resource://gre/modules/Timer.jsm:127:16\n"
1592410891947	Marionette	INFO	Listening on port 57576
1592410892554	Marionette	WARN	TLS certificate errors will be ignored for this session
1592410964303	Marionette	INFO	Stopped listening on port 57576

###!!! [Child][RunMessage] Error: Channel closing: too late to send/recv, messages will be lost

1592411411764	mozrunner::runner	INFO	Running command: "C:\\Program Files\\Mozilla Firefox\\firefox.exe" "-marionette" "-foreground" "-no-remote" "-profile" "C:\\Users\\KAREM&~1\\AppData\\Local\\Temp\\rust_mozprofilexB2c4b"
JavaScript error: resource://gre/modules/XULStore.jsm, line 66: Error: Can't find profile directory.
1592411415514	Marionette	INFO	Listening on port 58086
1592411415877	Marionette	WARN	TLS certificate errors will be ignored for this session
1592411481545	Marionette	INFO	Stopped listening on port 58086

###!!! [Child][RunMessage] Error: Channel closing: too late to send/recv, messages will be lost

rs\\KAREM&~1\\AppData\\Local\\Temp\\rust_mozprofileRGVqia"
JavaScript error: resource://gre/modules/XULStore.jsm, line 66: Error: Can't find profile directory.
1592411477965	Marionette	INFO	Listening on port 58198
1592411478088	Marionette	WARN	TLS certificate errors will be ignored for this session
1592411601221	Marionette	INFO	Stopped listening on port 58198

###!!! [Child][RunMessage] Error: Channel closing: too late to send/recv, messages will be lost

rs\\KAREM&~1\\AppData\\Local\\Temp\\rust_mozprofilet4nzFe"
JavaScript error: resource://gre/modules/XULStore.jsm, line 66: Error: Can't find profile directory.
1592411551387	Marionette	INFO	Listening on port 58353
1592411551553	Marionette	WARN	TLS certificate errors will be ignored for this session
1592411601220	Marionette	INFO	Stopped listening on port 58353

###!!! [Child][RunMessage] Error: Channel closing: too late to send/recv, messages will be lost

[Parent 1584, Gecko_IOThread] WARNING: pipe error: 232: file /builds/worker/checkouts/gecko/ipc/chromium/src/chrome/common/ipc_channel_win.cc, line 522

###!!! [Child][MessageChannel::SendAndWait] Error: Channel error: cannot send/recv

WARN	TLS certificate errors will be ignored for this session
1592411666791	Marionette	INFO	Stopped listening on port 58440

###!!! [Child][RunMessage] Error: Channel closing: too late to send/recv, messages will be lost

rs\\KAREM&~1\\AppData\\Local\\Temp\\rust_mozprofileryP2IN"
JavaScript error: resource://gre/modules/XULStore.jsm, line 66: Error: Can't find profile directory.
1592411661772	Marionette	INFO	Listening on port 58578
1592411662189	Marionette	WARN	TLS certificate errors will be ignored for this session
JavaScript error: resource://gre/modules/NetworkGeolocationProvider.jsm, line 555: TypeError: xhr.response.location is undefined
1592411732177	Marionette	INFO	Stopped listening on port 58578

###!!! [Child][RunMessage] Error: Channel closing: too late to send/recv, messages will be lost

rs\\KAREM&~1\\AppData\\Local\\Temp\\rust_mozprofileDoGfWk"
JavaScript error: resource://gre/modules/XULStore.jsm, line 66: Error: Can't find profile directory.
1592411727832	Marionette	INFO	Listening on port 58804
1592411728141	Marionette	WARN	TLS certificate errors will be ignored for this session
1592411893251	Marionette	INFO	Stopped listening on port 58804

###!!! [Child][RunMessage] Error: Channel closing: too late to send/recv, messages will be lost

rs\\KAREM&~1\\AppData\\Local\\Temp\\rust_mozprofileHCxjza"
JavaScript error: resource://gre/modules/XULStore.jsm, line 66: Error: Can't find profile directory.
1592411889903	Marionette	INFO	Listening on port 59108
1592411890144	Marionette	WARN	TLS certificate errors will be ignored for this session
JavaScript error: , line 0: AbortError: A request was aborted, for example through a call to IDBTransaction.abort.
1592411993110	Marionette	INFO	Stopped listening on port 59108

###!!! [Child][RunMessage] Error: Channel closing: too late to send/recv, messages will be lost

ne 66: Error: Can't find profile directory.
1592411987080	Marionette	INFO	Listening on port 59278
1592411987484	Marionette	WARN	TLS certificate errors will be ignored for this session
1592412039320	Marionette	INFO	Stopped listening on port 59278

###!!! [Child][RunMessage] Error: Channel closing: too late to send/recv, messages will be lost

rs\\KAREM&~1\\AppData\\Local\\Temp\\rust_mozprofilepnemAg"
JavaScript error: resource://gre/modules/XULStore.jsm, line 66: Error: Can't find profile directory.
1592412031573	Marionette	INFO	Listening on port 59359
1592412031953	Marionette	WARN	TLS certificate errors will be ignored for this session
1592412336410	Marionette	INFO	Stopped listening on port 59359

###!!! [Child][RunMessage] Error: Channel closing: too late to send/recv, messages will be lost

rs\\KAREM&~1\\AppData\\Local\\Temp\\rust_mozprofileXSCpC1"
JavaScript error: resource://gre/modules/XULStore.jsm, line 66: Error: Can't find profile directory.
1592412267926	Marionette	INFO	Listening on port 59720
1592412268319	Marionette	WARN	TLS certificate errors will be ignored for this session
JavaScript error: resource://gre/modules/NetworkGeolocationProvider.jsm, line 555: TypeError: xhr.response.location is undefined
1592412335923	Marionette	INFO	Stopped listening on port 59720

###!!! [Child][RunMessage] Error: Channel closing: too late to send/recv, messages will be lost

rs\\KAREM&~1\\AppData\\Local\\Temp\\rust_mozprofile155llO"
JavaScript error: resource://gre/modules/XULStore.jsm, line 66: Error: Can't find profile directory.
1592412331841	Marionette	INFO	Listening on port 59840
1592412331872	Marionette	WARN	TLS certificate errors will be ignored for this session
JavaScript error: resource://gre/modules/IndexedDB.jsm, line 370: UnknownError: IDBDatabase.transaction: Can't start IndexedDB transaction during shutdown
1592412378293	Marionette	INFO	Stopped listening on port 59840

###!!! [Child][RunMessage] Error: Channel closing: too late to send/recv, messages will be lost

ry.
1592412374772	Marionette	INFO	Listening on port 59930
1592412375121	Marionette	WARN	TLS certificate errors will be ignored for this session
1592412418092	Marionette	INFO	Stopped listening on port 59930

###!!! [Child][RunMessage] Error: Channel closing: too late to send/recv, messages will be lost

1592412445013	mozrunner::runner	INFO	Running command: "C:\\Program Files\\Mozilla Firefox\\firefox.exe" "-marionette" "-foreground" "-no-remote" "-profile" "C:\\Users\\KAREM&~1\\AppData\\Local\\Temp\\rust_mozprofileXRAi2X"
JavaScript error: resource://gre/modules/XULStore.jsm, line 66: Error: Can't find profile directory.
1592412448713	Marionette	INFO	Listening on port 60041
1592412449133	Marionette	WARN	TLS certificate errors will be ignored for this session
JavaScript error: resource://gre/modules/NetworkGeolocationProvider.jsm, line 555: TypeError: xhr.response.location is undefined
1592412537671	Marionette	INFO	Stopped listening on port 60041

###!!! [Child][RunMessage] Error: Channel closing: too late to send/recv, messages will be lost

rs\\KAREM&~1\\AppData\\Local\\Temp\\rust_mozprofilej4ESk0"
JavaScript error: resource://gre/modules/XULStore.jsm, line 66: Error: Can't find profile directory.
1592412540916	Marionette	INFO	Listening on port 60164
1592412541150	Marionette	WARN	TLS certificate errors will be ignored for this session
JavaScript error: , line 0: AbortError: A request was aborted, for example through a call to IDBTransaction.abort.
1592412723278	Marionette	INFO	Stopped listening on port 60164

###!!! [Child][RunMessage] Error: Channel closing: too late to send/recv, messages will be lost

ne 66: Error: Can't find profile directory.
1592412718856	Marionette	INFO	Listening on port 60529
1592412718944	Marionette	WARN	TLS certificate errors will be ignored for this session
JavaScript error: resource://gre/modules/NetworkGeolocationProvider.jsm, line 555: TypeError: xhr.response.location is undefined
1592412781543	Marionette	INFO	Stopped listening on port 60529

###!!! [Child][RunMessage] Error: Channel closing: too late to send/recv, messages will be lost

rs\\KAREM&~1\\AppData\\Local\\Temp\\rust_mozprofilefAzdnC"
JavaScript error: resource://gre/modules/XULStore.jsm, line 66: Error: Can't find profile directory.
1592412778104	Marionette	INFO	Listening on port 60651
1592412778226	Marionette	WARN	TLS certificate errors will be ignored for this session
1592412818125	Marionette	INFO	Stopped listening on port 60651

###!!! [Child][RunMessage] Error: Channel closing: too late to send/recv, messages will be lost

1592412822031	mozrunner::runner	INFO	Running command: "C:\\Program Files\\Mozilla Firefox\\firefox.exe" "-marionette" "-foreground" "-no-remote" "-profile" "C:\\Users\\KAREM&~1\\AppData\\Local\\Temp\\rust_mozprofileVf53wU"
JavaScript error: resource://gre/modules/XULStore.jsm, line 66: Error: Can't find profile directory.
1592412825926	Marionette	INFO	Listening on port 60755
1592412826144	Marionette	WARN	TLS certificate errors will be ignored for this session
1592412891388	Marionette	INFO	Stopped listening on port 60755

###!!! [Child][RunMessage] Error: Channel closing: too late to send/recv, messages will be lost

rs\\KAREM&~1\\AppData\\Local\\Temp\\rust_mozprofileH3IlnO"
JavaScript error: resource://gre/modules/XULStore.jsm, line 66: Error: Can't find profile directory.
1592412887483	Marionette	INFO	Listening on port 60860
1592412887720	Marionette	WARN	TLS certificate errors will be ignored for this session
1592412936164	Marionette	INFO	Stopped listening on port 60860

###!!! [Child][RunMessage] Error: Channel closing: too late to send/recv, messages will be lost

rs\\KAREM&~1\\AppData\\Local\\Temp\\rust_mozprofilevFegKj"
JavaScript error: resource://gre/modules/XULStore.jsm, line 66: Error: Can't find profile directory.
1592412938066	Marionette	INFO	Listening on port 60989
1592412938101	Marionette	WARN	TLS certificate errors will be ignored for this session
1592413006441	Marionette	INFO	Stopped listening on port 60989

###!!! [Child][RunMessage] Error: Channel closing: too late to send/recv, messages will be lost

rs\\KAREM&~1\\AppData\\Local\\Temp\\rust_mozprofileeQGpz1"
JavaScript error: resource://gre/modules/XULStore.jsm, line 66: Error: Can't find profile directory.
1592412973675	Marionette	INFO	Listening on port 61077
1592412973805	Marionette	WARN	TLS certificate errors will be ignored for this session
1592413055592	Marionette	INFO	Stopped listening on port 61077

###!!! [Child][RunMessage] Error: Channel closing: too late to send/recv, messages will be lost

rs\\KAREM&~1\\AppData\\Local\\Temp\\rust_mozprofileIdwlPw"
JavaScript error: resource://gre/modules/XULStore.jsm, line 66: Error: Can't find profile directory.
1592413050732	Marionette	INFO	Listening on port 61200
1592413051110	Marionette	WARN	TLS certificate errors will be ignored for this session
JavaScript error: resource://gre/modules/NetworkGeolocationProvider.jsm, line 555: TypeError: xhr.response.location is undefined
JavaScript error: , line 0: NS_ERROR_NOT_AVAILABLE

###!!! [Child][RunMessage] Error: Channel closing: too late to send/recv, messages will be lost

1592420986297	Marionette	INFO	Stopped listening on port 61200

###!!! [Child][RunMessage] Error: Channel closing: too late to send/recv, messages will be lost

ctory.
1592413104949	Marionette	INFO	Listening on port 61302
1592413105267	Marionette	WARN	TLS certificate errors will be ignored for this session
1592413554308	Marionette	INFO	Stopped listening on port 61302

###!!! [Child][RunMessage] Error: Channel closing: too late to send/recv, messages will be lost

1592413573425	mozrunner::runner	INFO	Running command: "C:\\Program Files\\Mozilla Firefox\\firefox.exe" "-marionette" "-foreground" "-no-remote" "-profile" "C:\\Users\\KAREM&~1\\AppData\\Local\\Temp\\rust_mozprofilew5EC9D"
JavaScript error: resource://gre/modules/XULStore.jsm, line 66: Error: Can't find profile directory.
1592413578824	Marionette	INFO	Listening on port 61686
1592413579145	Marionette	WARN	TLS certificate errors will be ignored for this session
JavaScript error: , line 0: NS_ERROR_NOT_AVAILABLE
[Child 6712, Chrome_ChildThread] WARNING: pipe error: 232: file /builds/worker/checkouts/gecko/ipc/chromium/src/chrome/common/ipc_channel_win.cc, line 522
[Child 6712, Chrome_ChildThread] WARNING: pipe error: 232: file /builds/worker/checkouts/gecko/ipc/chromium/src/chrome/common/ipc_channel_win.cc, line 522
1592420985966	Marionette	INFO	Stopped listening on port 61686

###!!! [Child][RunMessage] Error: Channel closing: too late to send/recv, messages will be lost

1592613012452	mozrunner::runner	INFO	Running command: "C:\\Program Files\\Mozilla Firefox\\firefox.exe" "-marionette" "-foreground" "-no-remote" "-profile" "C:\\Users\\KAREM&~1\\AppData\\Local\\Temp\\rust_mozprofiledoCjDe"
JavaScript error: resource://gre/modules/XULStore.jsm, line 66: Error: Can't find profile directory.
console.error: "Could not write session state file " (new Error("_initWorker called too early! Please read the session file from disk first.", "resource:///modules/sessionstore/SessionFile.jsm", 375)) "_initWorker/<@resource:///modules/sessionstore/SessionFile.jsm:375:15\n_initWorker@resource:///modules/sessionstore/SessionFile.jsm:368:12\n_postToWorker@resource:///modules/sessionstore/SessionFile.jsm:410:16\nwrite@resource:///modules/sessionstore/SessionFile.jsm:448:24\nwrite@resource:///modules/sessionstore/SessionFile.jsm:75:32\n_writeState@resource:///modules/sessionstore/SessionSaver.jsm:360:24\n_saveState@resource:///modules/sessionstore/SessionSaver.jsm:294:17\n_saveStateAsync@resource:///modules/sessionstore/SessionSaver.jsm:344:10\nsaveStateAsyncWhenIdle@resource:///modules/sessionstore/SessionSaver.jsm:191:14\ncallback@resource://gre/modules/Timer.jsm:127:16\n"
Exiting due to channel error.
1592613096907	mozrunner::runner	INFO	Running command: "C:\\Program Files\\Mozilla Firefox\\firefox.exe" "-marionette" "-foreground" "-no-remote" "-profile" "C:\\Users\\KAREM&~1\\AppData\\Local\\Temp\\rust_mozprofileKsKxst"
JavaScript error: resource://gre/modules/XULStore.jsm, line 66: Error: Can't find profile directory.
console.error: "Could not write session state file " (new Error("_initWorker called too early! Please read the session file from disk first.", "resource:///modules/sessionstore/SessionFile.jsm", 375)) "_initWorker/<@resource:///modules/sessionstore/SessionFile.jsm:375:15\n_initWorker@resource:///modules/sessionstore/SessionFile.jsm:368:12\n_postToWorker@resource:///modules/sessionstore/SessionFile.jsm:410:16\nwrite@resource:///modules/sessionstore/SessionFile.jsm:448:24\nwrite@resource:///modules/sessionstore/SessionFile.jsm:75:32\n_writeState@resource:///modules/sessionstore/SessionSaver.jsm:360:24\n_saveState@resource:///modules/sessionstore/SessionSaver.jsm:294:17\n_saveStateAsync@resource:///modules/sessionstore/SessionSaver.jsm:344:10\nsaveStateAsyncWhenIdle@resource:///modules/sessionstore/SessionSaver.jsm:191:14\ncallback@resource://gre/modules/Timer.jsm:127:16\n"
1592613139911	Marionette	INFO	Listening on port 51234
1592613140603	Marionette	WARN	TLS certificate errors will be ignored for this session
console.error: "Store does not have a valid reducer. Make sure the argument passed to combineReducers is an object whose values are reducers."
JavaScript error: resource://gre/actors/AutoCompleteChild.jsm, line 196: Error: Invalid autocomplete selectedIndex
JavaScript error: resource://gre/actors/AutoCompleteChild.jsm, line 196: Error: Invalid autocomplete selectedIndex
JavaScript error: resource://gre/actors/AutoCompleteChild.jsm, line 196: Error: Invalid autocomplete selectedIndex
JavaScript error: resource://gre/actors/AutoCompleteChild.jsm, line 196: Error: Invalid autocomplete selectedIndex
JavaScript error: resource://gre/actors/AutoCompleteChild.jsm, line 196: Error: Invalid autocomplete selectedIndex
JavaScript error: resource://gre/actors/AutoCompleteChild.jsm, line 196: Error: Invalid autocomplete selectedIndex
JavaScript error: resource://gre/actors/AutoCompleteChild.jsm, line 196: Error: Invalid autocomplete selectedIndex
JavaScript error: resource://gre/actors/AutoCompleteChild.jsm, line 196: Error: Invalid autocomplete selectedIndex
JavaScript error: resource://gre/actors/AutoCompleteChild.jsm, line 196: Error: Invalid autocomplete selectedIndex
JavaScript error: resource://gre/actors/AutoCompleteChild.jsm, line 196: Error: Invalid autocomplete selectedIndex
JavaScript error: resource://gre/actors/AutoCompleteChild.jsm, line 196: Error: Invalid autocomplete selectedIndex
JavaScript error: resource://gre/actors/AutoCompleteChild.jsm, line 196: Error: Invalid autocomplete selectedIndex
JavaScript error: resource://gre/actors/AutoCompleteChild.jsm, line 196: Error: Invalid autocomplete selectedIndex
JavaScript error: resource://gre/actors/AutoCompleteChild.jsm, line 196: Error: Invalid autocomplete selectedIndex
JavaScript error: resource://gre/actors/AutoCompleteChild.jsm, line 196: Error: Invalid autocomplete selectedIndex
JavaScript error: resource://gre/actors/AutoCompleteChild.jsm, line 196: Error: Invalid autocomplete selectedIndex
JavaScript error: resource://gre/actors/AutoCompleteChild.jsm, line 196: Error: Invalid autocomplete selectedIndex
JavaScript error: resource://gre/actors/AutoCompleteChild.jsm, line 196: Error: Invalid autocomplete selectedIndex
JavaScript error: resource://gre/actors/AutoCompleteChild.jsm, line 196: Error: Invalid autocomplete selectedIndex
JavaScript error: resource://gre/actors/AutoCompleteChild.jsm, line 196: Error: Invalid autocomplete selectedIndex
JavaScript error: resource://gre/actors/AutoCompleteChild.jsm, line 196: Error: Invalid autocomplete selectedIndex
JavaScript error: resource://gre/actors/AutoCompleteChild.jsm, line 196: Error: Invalid autocomplete selectedIndex
JavaScript error: resource://gre/actors/AutoCompleteChild.jsm, line 196: Error: Invalid autocomplete selectedIndex
JavaScript error: resource://gre/actors/AutoCompleteChild.jsm, line 196: Error: Invalid autocomplete selectedIndex
JavaScript error: resource://gre/actors/AutoCompleteChild.jsm, line 196: Error: Invalid autocomplete selectedIndex
JavaScript error: resource://gre/actors/AutoCompleteChild.jsm, line 196: Error: Invalid autocomplete selectedIndex
1592613338840	Marionette	INFO	Stopped listening on port 51234

###!!! [Child][RunMessage] Error: Channel closing: too late to send/recv, messages will be lost

rs\\KAREM&~1\\AppData\\Local\\Temp\\rust_mozprofileeUWiSL"
JavaScript error: resource://gre/modules/XULStore.jsm, line 66: Error: Can't find profile directory.
1592613343236	Marionette	INFO	Listening on port 51420
1592613343367	Marionette	WARN	TLS certificate errors will be ignored for this session
console.error: "Store does not have a valid reducer. Make sure the argument passed to combineReducers is an object whose values are reducers."
JavaScript error: resource://gre/actors/AutoCompleteChild.jsm, line 196: Error: Invalid autocomplete selectedIndex
JavaScript error: resource://gre/actors/AutoCompleteChild.jsm, line 196: Error: Invalid autocomplete selectedIndex
JavaScript error: resource://gre/actors/AutoCompleteChild.jsm, line 196: Error: Invalid autocomplete selectedIndex
JavaScript error: resource://gre/actors/AutoCompleteChild.jsm, line 196: Error: Invalid autocomplete selectedIndex
JavaScript error: resource://gre/actors/AutoCompleteChild.jsm, line 196: Error: Invalid autocomplete selectedIndex
JavaScript error: resource://gre/actors/AutoCompleteChild.jsm, line 196: Error: Invalid autocomplete selectedIndex
JavaScript error: resource://gre/actors/AutoCompleteChild.jsm, line 196: Error: Invalid autocomplete selectedIndex
JavaScript error: resource://gre/actors/AutoCompleteChild.jsm, line 196: Error: Invalid autocomplete selectedIndex
JavaScript error: resource://gre/actors/AutoCompleteChild.jsm, line 196: Error: Invalid autocomplete selectedIndex
JavaScript error: resource://gre/actors/AutoCompleteChild.jsm, line 196: Error: Invalid autocomplete selectedIndex
JavaScript error: resource://gre/actors/AutoCompleteChild.jsm, line 196: Error: Invalid autocomplete selectedIndex
JavaScript error: resource://gre/actors/AutoCompleteChild.jsm, line 196: Error: Invalid autocomplete selectedIndex
JavaScript error: resource://gre/actors/AutoCompleteChild.jsm, line 196: Error: Invalid autocomplete selectedIndex
JavaScript error: resource://gre/actors/AutoCompleteChild.jsm, line 196: Error: Invalid autocomplete selectedIndex
JavaScript error: resource://gre/actors/AutoCompleteChild.jsm, line 196: Error: Invalid autocomplete selectedIndex
JavaScript error: resource://gre/actors/AutoCompleteChild.jsm, line 196: Error: Invalid autocomplete selectedIndex
JavaScript error: resource://gre/actors/AutoCompleteChild.jsm, line 196: Error: Invalid autocomplete selectedIndex
JavaScript error: resource://gre/actors/AutoCompleteChild.jsm, line 196: Error: Invalid autocomplete selectedIndex
JavaScript error: resource://gre/actors/AutoCompleteChild.jsm, line 196: Error: Invalid autocomplete selectedIndex
JavaScript error: resource://gre/actors/AutoCompleteChild.jsm, line 196: Error: Invalid autocomplete selectedIndex
JavaScript error: resource://gre/actors/AutoCompleteChild.jsm, line 196: Error: Invalid autocomplete selectedIndex
JavaScript error: resource://gre/actors/AutoCompleteChild.jsm, line 196: Error: Invalid autocomplete selectedIndex
JavaScript error: resource://gre/actors/AutoCompleteChild.jsm, line 196: Error: Invalid autocomplete selectedIndex
JavaScript error: resource://gre/actors/AutoCompleteChild.jsm, line 196: Error: Invalid autocomplete selectedIndex
JavaScript error: resource://gre/actors/AutoCompleteChild.jsm, line 196: Error: Invalid autocomplete selectedIndex
JavaScript error: resource://gre/actors/AutoCompleteChild.jsm, line 196: Error: Invalid autocomplete selectedIndex
JavaScript error: resource://gre/actors/AutoCompleteChild.jsm, line 196: Error: Invalid autocomplete selectedIndex
JavaScript error: , line 0: NS_ERROR_NOT_AVAILABLE
JavaScript warning: https://www.youtube.com/yts/jsbin/desktop_polymer_inlined_html_polymer_flags-vflVOw50g/desktop_polymer_inlined_html_polymer_flags.js, line 1603: Script terminated by timeout at:
gp@https://www.youtube.com/yts/jsbin/desktop_polymer_inlined_html_polymer_flags-vflVOw50g/desktop_polymer_inlined_html_polymer_flags.js:1603:60
ip@https://www.youtube.com/yts/jsbin/desktop_polymer_inlined_html_polymer_flags-vflVOw50g/desktop_polymer_inlined_html_polymer_flags.js:1606:57
lp@https://www.youtube.com/yts/jsbin/desktop_polymer_inlined_html_polymer_flags-vflVOw50g/desktop_polymer_inlined_html_polymer_flags.js:1609:103
kp@https://www.youtube.com/yts/jsbin/desktop_polymer_inlined_html_polymer_flags-vflVOw50g/desktop_polymer_inlined_html_polymer_flags.js:1608:25
bp@https://www.youtube.com/yts/jsbin/desktop_polymer_inlined_html_polymer_flags-vflVOw50g/desktop_polymer_inlined_html_polymer_flags.js:1670:257
Yo@https://www.youtube.com/yts/jsbin/desktop_polymer_inlined_html_polymer_flags-vflVOw50g/desktop_polymer_inlined_html_polymer_flags.js:1594:249
Xo@https://www.youtube.com/yts/jsbin/desktop_polymer_inlined_html_polymer_flags-vflVOw50g/desktop_polymer_inlined_html_polymer_flags.js:1592:52
dp@https://www.youtube.com/yts/jsbin/desktop_polymer_inlined_html_polymer_flags-vflVOw50g/desktop_polymer_inlined_html_polymer_flags.js:1600:69
bO@https://www.youtube.com/yts/jsbin/desktop_polymer_inlined_html_polymer_flags-vflVOw50g/desktop_polymer_inlined_html_polymer_flags.js:9468:461
onDisposeApp_@https://www.youtube.com/yts/jsbin/desktop_polymer_inlined_html_polymer_flags-vflVOw50g/desktop_polymer_inlined_html_polymer_flags.js:16596:36
tKa/<@https://www.youtube.com/yts/jsbin/desktop_polymer_inlined_html_polymer_flags-vflVOw50g/desktop_polymer_inlined_html_polymer_flags.js:12822:166
tKa@https://www.youtube.com/yts/jsbin/desktop_polymer_inlined_html_polymer_flags-vflVOw50g/desktop_polymer_inlined_html_polymer_flags.js:12822:142

console.error: "Error while calling actor 'pagestyle's method 'getLayout'" "node is null"
console.error: "getLayout@resource://devtools/server/actors/styles.js:944:5\nhandler@resource://devtools/shared/protocol/Actor.js:154:37\nonPacket@resource://devtools/server/devtools-server-connection.js:380:58\nreceiveMessage@resource://devtools/shared/transport/child-transport.js:66:16\n"
console.error: "Exception while getting unique selector" (new Error("Protocol error (noSuchActor): No such actor for ID: server0.conn0.child2/domnode600 from: server0.conn0.child2/domnode600", "resource://devtools/shared/protocol/Front.js", 319))
console.error: "Error while calling actor 'pagestyle's method 'getLayout'" "node is null"
console.error: "getLayout@resource://devtools/server/actors/styles.js:944:5\nhandler@resource://devtools/shared/protocol/Actor.js:154:37\nonPacket@resource://devtools/server/devtools-server-connection.js:380:58\nreceiveMessage@resource://devtools/shared/transport/child-transport.js:66:16\n"
console.error: "Error while calling actor 'pagestyle's method 'getLayout'" "node is null"
console.error: "getLayout@resource://devtools/server/actors/styles.js:944:5\nhandler@resource://devtools/shared/protocol/Actor.js:154:37\nonPacket@resource://devtools/server/devtools-server-connection.js:380:58\nreceiveMessage@resource://devtools/shared/transport/child-transport.js:66:16\n"
console.error: "Error while calling actor 'pagestyle's method 'getLayout'" "node is null"
console.error: "getLayout@resource://devtools/server/actors/styles.js:944:5\nhandler@resource://devtools/shared/protocol/Actor.js:154:37\nonPacket@resource://devtools/server/devtools-server-connection.js:380:58\nreceiveMessage@resource://devtools/shared/transport/child-transport.js:66:16\n"
console.error: "Error while calling actor 'pagestyle's method 'getLayout'" "node is null"
console.error: "getLayout@resource://devtools/server/actors/styles.js:944:5\nhandler@resource://devtools/shared/protocol/Actor.js:154:37\nonPacket@resource://devtools/server/devtools-server-connection.js:380:58\nreceiveMessage@resource://devtools/shared/transport/child-transport.js:66:16\n"
console.error: "Error while calling actor 'pagestyle's method 'getLayout'" "node is null"
console.error: "getLayout@resource://devtools/server/actors/styles.js:944:5\nhandler@resource://devtools/shared/protocol/Actor.js:154:37\nonPacket@resource://devtools/server/devtools-server-connection.js:380:58\nreceiveMessage@resource://devtools/shared/transport/child-transport.js:66:16\n"
console.error: (new Error("Protocol error (unknownError): node is null from: server0.conn0.child2/pagestyle25", "resource://devtools/shared/protocol/Front.js", 319))
console.error: (new Error("Protocol error (unknownError): node is null from: server0.conn0.child2/pagestyle25", "resource://devtools/shared/protocol/Front.js", 319))
console.error: (new Error("Protocol error (unknownError): node is null from: server0.conn0.child2/pagestyle25", "resource://devtools/shared/protocol/Front.js", 319))
console.error: (new Error("Protocol error (unknownError): node is null from: server0.conn0.child2/pagestyle25", "resource://devtools/shared/protocol/Front.js", 319))
console.error: (new Error("Protocol error (unknownError): node is null from: server0.conn0.child2/pagestyle25", "resource://devtools/shared/protocol/Front.js", 319))
console.error: (new Error("Protocol error (unknownError): node is null from: server0.conn0.child2/pagestyle25", "resource://devtools/shared/protocol/Front.js", 319))
console.error: "Error while calling actor 'pagestyle's method 'getUsedFontFaces'" "node is null"
console.error: "getUsedFontFaces@resource://devtools/server/actors/styles.js:384:24\nhandler@resource://devtools/shared/protocol/Actor.js:154:37\nonPacket@resource://devtools/server/devtools-server-connection.js:380:58\nreceiveMessage@resource://devtools/shared/transport/child-transport.js:66:16\n"
console.error: "Could not get the list of font families" (new Error("Protocol error (unknownError): node is null from: server0.conn0.child2/pagestyle25", "resource://devtools/shared/protocol/Front.js", 319))
JavaScript error: , line 0: AbortError: A request was aborted, for example through a call to IDBTransaction.abort.
1592617587287	Marionette	INFO	Stopped listening on port 51420

###!!! [Child][RunMessage] Error: Channel closing: too late to send/recv, messages will be lost

Mozilla Firefox\\firefox.exe" "-marionette" "-foreground" "-no-remote" "-profile" "C:\\Users\\KAREM&~1\\AppData\\Local\\Temp\\rust_mozprofilewj6YmO"
JavaScript error: resource://gre/modules/XULStore.jsm, line 66: Error: Can't find profile directory.
1592615465897	Marionette	INFO	Listening on port 55491
1592615466089	Marionette	WARN	TLS certificate errors will be ignored for this session
1592615505531	Marionette	INFO	Stopped listening on port 55491
1592615524214	mozrunner::runner	INFO	Running command: "C:\\Program Files\\Mozilla Firefox\\firefox.exe" "-marionette" "-foreground" "-no-remote" "-profile" "C:\\Users\\KAREM&~1\\AppData\\Local\\Temp\\rust_mozprofileHOiasp"
JavaScript error: resource://gre/modules/XULStore.jsm, line 66: Error: Can't find profile directory.
1592615527619	Marionette	INFO	Listening on port 55595
1592615527839	Marionette	WARN	TLS certificate errors will be ignored for this session
JavaScript error: resource://gre/modules/IndexedDB.jsm, line 370: UnknownError: IDBDatabase.transaction: Can't start IndexedDB transaction during shutdown
1592615604595	Marionette	INFO	Stopped listening on port 55595

###!!! [Child][RunMessage] Error: Channel closing: too late to send/recv, messages will be lost

ry.
1592615584182	Marionette	INFO	Listening on port 55708
1592615584249	Marionette	WARN	TLS certificate errors will be ignored for this session
1592615612935	Marionette	INFO	Stopped listening on port 55708

###!!! [Child][RunMessage] Error: Channel closing: too late to send/recv, messages will be lost

1592615642691	mozrunner::runner	INFO	Running command: "C:\\Program Files\\Mozilla Firefox\\firefox.exe" "-marionette" "-foreground" "-no-remote" "-profile" "C:\\Users\\KAREM&~1\\AppData\\Local\\Temp\\rust_mozprofiletiNqEX"
JavaScript error: resource://gre/modules/XULStore.jsm, line 66: Error: Can't find profile directory.
1592615649703	Marionette	INFO	Listening on port 55793
1592615650015	Marionette	WARN	TLS certificate errors will be ignored for this session
1592615843911	Marionette	INFO	Stopped listening on port 55793

###!!! [Child][RunMessage] Error: Channel closing: too late to send/recv, messages will be lost

rs\\KAREM&~1\\AppData\\Local\\Temp\\rust_mozprofileEjoOIz"
JavaScript error: resource://gre/modules/XULStore.jsm, line 66: Error: Can't find profile directory.
1592615715996	Marionette	INFO	Listening on port 55887
1592615716165	Marionette	WARN	TLS certificate errors will be ignored for this session
1592615843270	Marionette	INFO	Stopped listening on port 55887

###!!! [Child][RunMessage] Error: Channel closing: too late to send/recv, messages will be lost

rs\\KAREM&~1\\AppData\\Local\\Temp\\rust_mozprofileTr6rAy"
JavaScript error: resource://gre/modules/XULStore.jsm, line 66: Error: Can't find profile directory.
1592615771233	Marionette	INFO	Listening on port 55975
1592615771409	Marionette	WARN	TLS certificate errors will be ignored for this session
1592615839472	Marionette	INFO	Stopped listening on port 55975

###!!! [Child][RunMessage] Error: Channel closing: too late to send/recv, messages will be lost

[Parent 11476, Gecko_IOThread] WARNING: pipe error: 232: file /builds/worker/checkouts/gecko/ipc/chromium/src/chrome/common/ipc_channel_win.cc, line 522
tory.
1592615810154	Marionette	INFO	Listening on port 56041
1592615810640	Marionette	WARN	TLS certificate errors will be ignored for this session
1592615848899	Marionette	INFO	Stopped listening on port 56041

###!!! [Child][RunMessage] Error: Channel closing: too late to send/recv, messages will be lost

1592615881327	mozrunner::runner	INFO	Running command: "C:\\Program Files\\Mozilla Firefox\\firefox.exe" "-marionette" "-foreground" "-no-remote" "-profile" "C:\\Users\\KAREM&~1\\AppData\\Local\\Temp\\rust_mozprofilek5kMPI"
JavaScript error: resource://gre/modules/XULStore.jsm, line 66: Error: Can't find profile directory.
1592615885164	Marionette	INFO	Listening on port 56130
1592615885472	Marionette	WARN	TLS certificate errors will be ignored for this session
1592616323253	Marionette	INFO	Stopped listening on port 56130

###!!! [Child][RunMessage] Error: Channel closing: too late to send/recv, messages will be lost

rs\\KAREM&~1\\AppData\\Local\\Temp\\rust_mozprofilenRmuJh"
JavaScript error: resource://gre/modules/XULStore.jsm, line 66: Error: Can't find profile directory.
1592615948316	Marionette	INFO	Listening on port 56201
1592615948635	Marionette	WARN	TLS certificate errors will be ignored for this session
JavaScript error: resource://gre/modules/IndexedDB.jsm, line 370: UnknownError: IDBDatabase.transaction: Can't start IndexedDB transaction during shutdown
1592616323019	Marionette	INFO	Stopped listening on port 56201

###!!! [Child][RunMessage] Error: Channel closing: too late to send/recv, messages will be lost

ry.
1592616049760	Marionette	INFO	Listening on port 56313
1592616050007	Marionette	WARN	TLS certificate errors will be ignored for this session
1592616322601	Marionette	INFO	Stopped listening on port 56313

###!!! [Child][RunMessage] Error: Channel closing: too late to send/recv, messages will be lost

rs\\KAREM&~1\\AppData\\Local\\Temp\\rust_mozprofiled6rqRO"
JavaScript error: resource://gre/modules/XULStore.jsm, line 66: Error: Can't find profile directory.
1592616071674	Marionette	INFO	Listening on port 56374
1592616071753	Marionette	WARN	TLS certificate errors will be ignored for this session
1592616321758	Marionette	INFO	Stopped listening on port 56374

###!!! [Child][RunMessage] Error: Channel closing: too late to send/recv, messages will be lost

rs\\KAREM&~1\\AppData\\Local\\Temp\\rust_mozprofileUSb6s5"
JavaScript error: resource://gre/modules/XULStore.jsm, line 66: Error: Can't find profile directory.
1592616101929	Marionette	INFO	Listening on port 56441
1592616102069	Marionette	WARN	TLS certificate errors will be ignored for this session
1592616320099	Marionette	INFO	Stopped listening on port 56441

###!!! [Child][RunMessage] Error: Channel closing: too late to send/recv, messages will be lost

rs\\KAREM&~1\\AppData\\Local\\Temp\\rust_mozprofileLaLQOT"
JavaScript error: resource://gre/modules/XULStore.jsm, line 66: Error: Can't find profile directory.
1592616152930	Marionette	INFO	Listening on port 56539
1592616153015	Marionette	WARN	TLS certificate errors will be ignored for this session
1592616317834	Marionette	INFO	Stopped listening on port 56539

###!!! [Child][RunMessage] Error: Channel closing: too late to send/recv, messages will be lost

rs\\KAREM&~1\\AppData\\Local\\Temp\\rust_mozprofileK7WeQQ"
JavaScript error: resource://gre/modules/XULStore.jsm, line 66: Error: Can't find profile directory.
1592616260593	Marionette	INFO	Listening on port 56681
1592616260944	Marionette	WARN	TLS certificate errors will be ignored for this session
JavaScript error: resource://gre/modules/NetworkGeolocationProvider.jsm, line 555: TypeError: xhr.response.location is undefined
1592616316480	Marionette	INFO	Stopped listening on port 56681

###!!! [Child][RunMessage] Error: Channel closing: too late to send/recv, messages will be lost

1592616495493	mozrunner::runner	INFO	Running command: "C:\\Program Files\\Mozilla Firefox\\firefox.exe" "-marionette" "-foreground" "-no-remote" "-profile" "C:\\Users\\KAREM&~1\\AppData\\Local\\Temp\\rust_mozprofile815Jw4"
JavaScript error: resource://gre/modules/XULStore.jsm, line 66: Error: Can't find profile directory.
1592616499320	Marionette	INFO	Listening on port 56832
1592616499638	Marionette	WARN	TLS certificate errors will be ignored for this session
1592616553154	Marionette	INFO	Stopped listening on port 56832

###!!! [Child][RunMessage] Error: Channel closing: too late to send/recv, messages will be lost

rs\\KAREM&~1\\AppData\\Local\\Temp\\rust_mozprofileqJ1IkM"
JavaScript error: resource://gre/modules/XULStore.jsm, line 66: Error: Can't find profile directory.
1592616541268	Marionette	INFO	Listening on port 56908
1592616541756	Marionette	WARN	TLS certificate errors will be ignored for this session
console.error: services.settings: 
  Message: TypeError: NetworkError when attempting to fetch resource.
console.warn: services.settings: security-state/cert-revocations sync interrupted by shutdown
console.warn: services.settings: main/messaging-experiments sync interrupted by shutdown
console.warn: services.settings: main/whats-new-panel sync interrupted by shutdown
console.warn: services.settings: blocklists/addons sync interrupted by shutdown
console.waJavaScript error: resource://gre/actors/AutoCompleteChild.jsm, line 196: Error: Invalid autocomplete selectedIndex
1592617053263	Marionette	INFO	Stopped listening on port 57358

###!!! [Child][RunMessage] Error: Channel closing: too late to send/recv, messages will be lost

es.settings: main/search-config sync interrupted by shutdown
console.warn: services.settings: main/fxmonitor-breaches sync interrupted by shutdown
console.warn: services.settings: main/cfr sync interrupted by shutdown
console.warn: services.settings: main/cfr-fxa sync interrupted by shutdown
console.warn: services.settings: blocklists/plugins sync interrupted by shutdown
console.warn: services.settings: main/public-suffix-list sync interrupted by shutdown
console.warn: services.settings: main/hijack-blocklists sync interrupted by shutdown
console.warn: services.settings: main/language-dictionaries sync interrupted by shutdown
console.warn: services.settings: main/anti-tracking-url-decoration sync interrupted by shutdown
console.warn: services.settings: main/sites-classification sync interrupted by shutdown
console.warn: services.settings: pinning/pins sync interrupted by shutdown
console.warn: services.settings: blocklists/gfx sync interrupted by shutdown
1592617053505	Marionette	INFO	Stopped listening on port 56908

###!!! [Child][RunMessage] Error: Channel closing: too late to send/recv, messages will be lost

1592617104136	mozrunner::runner	INFO	Running command: "C:\\Program Files\\Mozilla Firefox\\firefox.exe" "-marionette" "-foreground" "-no-remote" "-profile" "C:\\Users\\KAREM&~1\\AppData\\Local\\Temp\\rust_mozprofileIRU38z"
JavaScript error: resource://gre/modules/XULStore.jsm, line 66: Error: Can't find profile directory.
1592617108378	Marionette	INFO	Listening on port 57516
1592617108850	Marionette	WARN	TLS certificate errors will be ignored for this session
JavaScript error: resource://gre/actors/AutoCompleteChild.jsm, line 196: Error: Invalid autocomplete selectedIndex
1592617590926	Marionette	INFO	Stopped listening on port 57516

###!!! [Child][RunMessage] Error: Channel closing: too late to send/recv, messages will be lost

rs\\KAREM&~1\\AppData\\Local\\Temp\\rust_mozprofileToE8Kh"
JavaScript error: resource://gre/modules/XULStore.jsm, line 66: Error: Can't find profile directory.
1592617188892	Marionette	INFO	Listening on port 57658
1592617189393	Marionette	WARN	TLS certificate errors will be ignored for this session
JavaScript error: resource://gre/actors/AutoCompleteChild.jsm, line 196: Error: Invalid autocomplete selectedIndex
1592617590169	Marionette	INFO	Stopped listening on port 57658

###!!! [Child][RunMessage] Error: Channel closing: too late to send/recv, messages will be lost

